<?xml version="1.0" encoding="UTF-8"?>
<!-- Generated by org.testng.reporters.JUnitReportReporter -->
<testsuite hostname="8257fc6266c3" failures="0" tests="9" name="com.docker.tests.vendorportal.VendorPortalTest" time="20.749" errors="0" timestamp="2024-07-16T17:49:00 GMT" skipped="0">
  <testcase classname="com.docker.tests.vendorportal.VendorPortalTest" name="loginTest" time="1.299"/>
  <testcase classname="com.docker.tests.vendorportal.VendorPortalTest" name="dashboardTest" time="3.966"/>
  <testcase classname="com.docker.tests.vendorportal.VendorPortalTest" name="loginTest" time="1.304"/>
  <testcase classname="com.docker.tests.vendorportal.VendorPortalTest" name="logoutTest" time="1.392"/>
  <testcase classname="com.docker.tests.vendorportal.VendorPortalTest" name="loginTest" time="1.298"/>
  <testcase classname="com.docker.tests.vendorportal.VendorPortalTest" name="dashboardTest" time="4.676"/>
  <testcase classname="com.docker.tests.vendorportal.VendorPortalTest" name="logoutTest" time="1.511"/>
  <testcase classname="com.docker.tests.vendorportal.VendorPortalTest" name="dashboardTest" time="3.827"/>
  <testcase classname="com.docker.tests.vendorportal.VendorPortalTest" name="logoutTest" time="1.476"/>
</testsuite> <!-- com.docker.tests.vendorportal.VendorPortalTest -->
